Determining if the pthread_create exist failed with the following output:
Change Dir: /home/boshenniu/boshen_ws/build/CMakeFiles/CMakeTmp

Run Build Command:"/usr/bin/make" "cmTC_508cf/fast"
/usr/bin/make -f CMakeFiles/cmTC_508cf.dir/build.make CMakeFiles/cmTC_508cf.dir/build
make[1]: Entering directory '/home/boshenniu/boshen_ws/build/CMakeFiles/CMakeTmp'
Building C object CMakeFiles/cmTC_508cf.dir/CheckSymbolExists.c.o
/usr/bin/cc     -o CMakeFiles/cmTC_508cf.dir/CheckSymbolExists.c.o   -c /home/boshenniu/boshen_ws/build/CMakeFiles/CMakeTmp/CheckSymbolExists.c
Linking C executable cmTC_508cf
/usr/bin/cmake -E cmake_link_script CMakeFiles/cmTC_508cf.dir/link.txt --verbose=1
/usr/bin/cc       CMakeFiles/cmTC_508cf.dir/CheckSymbolExists.c.o  -o cmTC_508cf -rdynamic 
CMakeFiles/cmTC_508cf.dir/CheckSymbolExists.c.o: In function `main':
CheckSymbolExists.c:(.text+0x16): undefined reference to `pthread_create'
collect2: error: ld returned 1 exit status
CMakeFiles/cmTC_508cf.dir/build.make:97: recipe for target 'cmTC_508cf' failed
make[1]: *** [cmTC_508cf] Error 1
make[1]: Leaving directory '/home/boshenniu/boshen_ws/build/CMakeFiles/CMakeTmp'
Makefile:126: recipe for target 'cmTC_508cf/fast' failed
make: *** [cmTC_508cf/fast] Error 2

File /home/boshenniu/boshen_ws/build/CMakeFiles/CMakeTmp/CheckSymbolExists.c:
/* */
#include <pthread.h>

int main(int argc, char** argv)
{
  (void)argv;
#ifndef pthread_create
  return ((int*)(&pthread_create))[argc];
#else
  (void)argc;
  return 0;
#endif
}

Determining if the function pthread_create exists in the pthreads failed with the following output:
Change Dir: /home/boshenniu/boshen_ws/build/CMakeFiles/CMakeTmp

Run Build Command:"/usr/bin/make" "cmTC_8dd3e/fast"
/usr/bin/make -f CMakeFiles/cmTC_8dd3e.dir/build.make CMakeFiles/cmTC_8dd3e.dir/build
make[1]: Entering directory '/home/boshenniu/boshen_ws/build/CMakeFiles/CMakeTmp'
Building C object CMakeFiles/cmTC_8dd3e.dir/CheckFunctionExists.c.o
/usr/bin/cc    -DCHECK_FUNCTION_EXISTS=pthread_create   -o CMakeFiles/cmTC_8dd3e.dir/CheckFunctionExists.c.o   -c /usr/share/cmake-3.5/Modules/CheckFunctionExists.c
Linking C executable cmTC_8dd3e
/usr/bin/cmake -E cmake_link_script CMakeFiles/cmTC_8dd3e.dir/link.txt --verbose=1
/usr/bin/cc   -DCHECK_FUNCTION_EXISTS=pthread_create    CMakeFiles/cmTC_8dd3e.dir/CheckFunctionExists.c.o  -o cmTC_8dd3e -rdynamic -lpthreads 
/usr/bin/ld: cannot find -lpthreads
collect2: error: ld returned 1 exit status
CMakeFiles/cmTC_8dd3e.dir/build.make:97: recipe for target 'cmTC_8dd3e' failed
make[1]: *** [cmTC_8dd3e] Error 1
make[1]: Leaving directory '/home/boshenniu/boshen_ws/build/CMakeFiles/CMakeTmp'
Makefile:126: recipe for target 'cmTC_8dd3e/fast' failed
make: *** [cmTC_8dd3e/fast] Error 2


